[01:12:16] [main/ERROR]: Failed to load properties from file: server.properties
[01:12:16] [main/WARN]: Failed to load eula.txt
[01:12:16] [main/INFO]: [STDERR]: You have used the Spigot command line EULA agreement flag.
[01:12:16] [main/INFO]: [STDERR]: By using this setting you are indicating your agreement to Mojang's EULA (https://account.mojang.com/documents/minecraft_eula).
[01:12:16] [main/INFO]: [STDERR]: If you do not agree to the above EULA please stop your server and remove this flag immediately.
[01:12:16] [main/INFO]: Environment: authHost='https://authserver.mojang.com', accountsHost='https://api.mojang.com', sessionHost='https://sessionserver.mojang.com', servicesHost='https://api.minecraftservices.com', name='PROD'
[01:12:16] [main/INFO]: Found new data pack file/bukkit, loading it automatically
[01:12:17] [main/INFO]: Reloading ResourceManager: Default, bukkit
[01:12:18] [Worker-Main-5/INFO]: Loaded 7 recipes
[01:12:20] [Server thread/INFO]: Starting minecraft server version 1.16.5
[01:12:20] [Server thread/INFO]: Loading properties
[01:12:20] [Server thread/INFO]: This server is running CraftBukkit version 2991-Spigot-018b9a0-f3f3094 (MC: 1.16.5) (Implementing API version 1.16.5-R0.1-SNAPSHOT)
[01:12:20] [Server thread/INFO]: Debug logging is disabled
[01:12:20] [Server thread/INFO]: Server Ping Player Sample Count: 12
[01:12:20] [Server thread/INFO]: Using 4 threads for Netty based IO
[01:12:21] [Server thread/INFO]: Default game type: SURVIVAL
[01:12:21] [Server thread/INFO]: Generating keypair
[01:12:21] [Server thread/INFO]: Starting Minecraft server on *:25903
[01:12:21] [Server thread/INFO]: Using default channel type
[01:12:23] [Server thread/WARN]: Initializing Legacy Material Support. Unless you have legacy plugins and/or data this is a bug!
[01:12:26] [Server thread/WARN]: Legacy plugin BlockNetServlet v0.0.1 does not specify an api-version.
[01:12:26] [Server thread/INFO]: [BlockNetServlet] Loading BlockNetServlet v0.0.1
[01:12:26] [Server thread/INFO]: Preparing level "world"
[01:12:26] [Server thread/INFO]: -------- World Settings For [world] --------
[01:12:26] [Server thread/INFO]: Entity Tracking Range: Pl 48 / An 48 / Mo 48 / Mi 32 / Other 64
[01:12:26] [Server thread/INFO]: Allow Zombie Pigmen to spawn from portal blocks: true
[01:12:26] [Server thread/INFO]: Item Despawn Rate: 6000
[01:12:26] [Server thread/INFO]: Item Merge Radius: 2.5
[01:12:26] [Server thread/INFO]: View Distance: 10
[01:12:26] [Server thread/INFO]: Zombie Aggressive Towards Villager: true
[01:12:26] [Server thread/INFO]: Tile Max Tick Time: 50ms Entity max Tick Time: 50ms
[01:12:26] [Server thread/INFO]: Max TNT Explosions: 100
[01:12:26] [Server thread/INFO]: Custom Map Seeds:  Village: 10387312 Desert: 14357617 Igloo: 14357618 Jungle: 14357619 Swamp: 14357620 Monument: 10387313 Ocean: 14357621 Shipwreck: 165745295 End City: 10387313 Slime: 987234911 Bastion: 30084232 Fortress: 30084232 Mansion: 10387319 Fossil: 14357921 Portal: 34222645
[01:12:26] [Server thread/INFO]: Arrow Despawn Rate: 1200 Trident Respawn Rate:1200
[01:12:26] [Server thread/INFO]: Nerfing mobs spawned from spawners: false
[01:12:26] [Server thread/INFO]: Cactus Growth Modifier: 100%
[01:12:26] [Server thread/INFO]: Cane Growth Modifier: 100%
[01:12:26] [Server thread/INFO]: Melon Growth Modifier: 100%
[01:12:26] [Server thread/INFO]: Mushroom Growth Modifier: 100%
[01:12:26] [Server thread/INFO]: Pumpkin Growth Modifier: 100%
[01:12:26] [Server thread/INFO]: Sapling Growth Modifier: 100%
[01:12:26] [Server thread/INFO]: Beetroot Growth Modifier: 100%
[01:12:26] [Server thread/INFO]: Carrot Growth Modifier: 100%
[01:12:26] [Server thread/INFO]: Potato Growth Modifier: 100%
[01:12:26] [Server thread/INFO]: Wheat Growth Modifier: 100%
[01:12:26] [Server thread/INFO]: NetherWart Growth Modifier: 100%
[01:12:26] [Server thread/INFO]: Vine Growth Modifier: 100%
[01:12:26] [Server thread/INFO]: Cocoa Growth Modifier: 100%
[01:12:26] [Server thread/INFO]: Bamboo Growth Modifier: 100%
[01:12:26] [Server thread/INFO]: SweetBerry Growth Modifier: 100%
[01:12:26] [Server thread/INFO]: Kelp Growth Modifier: 100%
[01:12:26] [Server thread/INFO]: Experience Merge Radius: 3.0
[01:12:26] [Server thread/INFO]: Mob Spawn Range: 6
[01:12:26] [Server thread/INFO]: Entity Activation Range: An 32 / Mo 32 / Ra 48 / Mi 16 / Tiv true
[01:12:26] [Server thread/INFO]: Hopper Transfer: 8 Hopper Check: 1 Hopper Amount: 1
[01:12:33] [Server thread/INFO]: -------- World Settings For [world_nether] --------
[01:12:33] [Server thread/INFO]: Entity Tracking Range: Pl 48 / An 48 / Mo 48 / Mi 32 / Other 64
[01:12:33] [Server thread/INFO]: Allow Zombie Pigmen to spawn from portal blocks: true
[01:12:33] [Server thread/INFO]: Item Despawn Rate: 6000
[01:12:33] [Server thread/INFO]: Item Merge Radius: 2.5
[01:12:33] [Server thread/INFO]: View Distance: 10
[01:12:33] [Server thread/INFO]: Zombie Aggressive Towards Villager: true
[01:12:33] [Server thread/INFO]: Tile Max Tick Time: 50ms Entity max Tick Time: 50ms
[01:12:33] [Server thread/INFO]: Max TNT Explosions: 100
[01:12:33] [Server thread/INFO]: Custom Map Seeds:  Village: 10387312 Desert: 14357617 Igloo: 14357618 Jungle: 14357619 Swamp: 14357620 Monument: 10387313 Ocean: 14357621 Shipwreck: 165745295 End City: 10387313 Slime: 987234911 Bastion: 30084232 Fortress: 30084232 Mansion: 10387319 Fossil: 14357921 Portal: 34222645
[01:12:33] [Server thread/INFO]: Arrow Despawn Rate: 1200 Trident Respawn Rate:1200
[01:12:33] [Server thread/INFO]: Nerfing mobs spawned from spawners: false
[01:12:33] [Server thread/INFO]: Cactus Growth Modifier: 100%
[01:12:33] [Server thread/INFO]: Cane Growth Modifier: 100%
[01:12:33] [Server thread/INFO]: Melon Growth Modifier: 100%
[01:12:33] [Server thread/INFO]: Mushroom Growth Modifier: 100%
[01:12:33] [Server thread/INFO]: Pumpkin Growth Modifier: 100%
[01:12:33] [Server thread/INFO]: Sapling Growth Modifier: 100%
[01:12:33] [Server thread/INFO]: Beetroot Growth Modifier: 100%
[01:12:33] [Server thread/INFO]: Carrot Growth Modifier: 100%
[01:12:33] [Server thread/INFO]: Potato Growth Modifier: 100%
[01:12:33] [Server thread/INFO]: Wheat Growth Modifier: 100%
[01:12:33] [Server thread/INFO]: NetherWart Growth Modifier: 100%
[01:12:33] [Server thread/INFO]: Vine Growth Modifier: 100%
[01:12:33] [Server thread/INFO]: Cocoa Growth Modifier: 100%
[01:12:33] [Server thread/INFO]: Bamboo Growth Modifier: 100%
[01:12:33] [Server thread/INFO]: SweetBerry Growth Modifier: 100%
[01:12:33] [Server thread/INFO]: Kelp Growth Modifier: 100%
[01:12:33] [Server thread/INFO]: Experience Merge Radius: 3.0
[01:12:33] [Server thread/INFO]: Mob Spawn Range: 6
[01:12:33] [Server thread/INFO]: Entity Activation Range: An 32 / Mo 32 / Ra 48 / Mi 16 / Tiv true
[01:12:33] [Server thread/INFO]: Hopper Transfer: 8 Hopper Check: 1 Hopper Amount: 1
[01:12:33] [Server thread/WARN]: Unable to find spawn biome
[01:12:34] [Server thread/INFO]: -------- World Settings For [world_the_end] --------
[01:12:34] [Server thread/INFO]: Entity Tracking Range: Pl 48 / An 48 / Mo 48 / Mi 32 / Other 64
[01:12:34] [Server thread/INFO]: Allow Zombie Pigmen to spawn from portal blocks: true
[01:12:34] [Server thread/INFO]: Item Despawn Rate: 6000
[01:12:34] [Server thread/INFO]: Item Merge Radius: 2.5
[01:12:34] [Server thread/INFO]: View Distance: 10
[01:12:34] [Server thread/INFO]: Zombie Aggressive Towards Villager: true
[01:12:34] [Server thread/INFO]: Tile Max Tick Time: 50ms Entity max Tick Time: 50ms
[01:12:34] [Server thread/INFO]: Max TNT Explosions: 100
[01:12:34] [Server thread/INFO]: Custom Map Seeds:  Village: 10387312 Desert: 14357617 Igloo: 14357618 Jungle: 14357619 Swamp: 14357620 Monument: 10387313 Ocean: 14357621 Shipwreck: 165745295 End City: 10387313 Slime: 987234911 Bastion: 30084232 Fortress: 30084232 Mansion: 10387319 Fossil: 14357921 Portal: 34222645
[01:12:34] [Server thread/INFO]: Arrow Despawn Rate: 1200 Trident Respawn Rate:1200
[01:12:34] [Server thread/INFO]: Nerfing mobs spawned from spawners: false
[01:12:34] [Server thread/INFO]: Cactus Growth Modifier: 100%
[01:12:34] [Server thread/INFO]: Cane Growth Modifier: 100%
[01:12:34] [Server thread/INFO]: Melon Growth Modifier: 100%
[01:12:34] [Server thread/INFO]: Mushroom Growth Modifier: 100%
[01:12:34] [Server thread/INFO]: Pumpkin Growth Modifier: 100%
[01:12:34] [Server thread/INFO]: Sapling Growth Modifier: 100%
[01:12:34] [Server thread/INFO]: Beetroot Growth Modifier: 100%
[01:12:34] [Server thread/INFO]: Carrot Growth Modifier: 100%
[01:12:34] [Server thread/INFO]: Potato Growth Modifier: 100%
[01:12:34] [Server thread/INFO]: Wheat Growth Modifier: 100%
[01:12:34] [Server thread/INFO]: NetherWart Growth Modifier: 100%
[01:12:34] [Server thread/INFO]: Vine Growth Modifier: 100%
[01:12:34] [Server thread/INFO]: Cocoa Growth Modifier: 100%
[01:12:34] [Server thread/INFO]: Bamboo Growth Modifier: 100%
[01:12:34] [Server thread/INFO]: SweetBerry Growth Modifier: 100%
[01:12:34] [Server thread/INFO]: Kelp Growth Modifier: 100%
[01:12:34] [Server thread/INFO]: Experience Merge Radius: 3.0
[01:12:34] [Server thread/INFO]: Mob Spawn Range: 6
[01:12:34] [Server thread/INFO]: Entity Activation Range: An 32 / Mo 32 / Ra 48 / Mi 16 / Tiv true
[01:12:35] [Server thread/INFO]: Hopper Transfer: 8 Hopper Check: 1 Hopper Amount: 1
[01:12:35] [Server thread/WARN]: Unable to find spawn biome
[01:12:35] [Server thread/INFO]: Preparing start region for dimension minecraft:overworld
[01:12:35] [Worker-Main-4/INFO]: Preparing spawn area: 0%
[01:12:36] [Worker-Main-5/INFO]: Preparing spawn area: 0%
[01:12:36] [Worker-Main-4/INFO]: Preparing spawn area: 0%
[01:12:37] [Worker-Main-6/INFO]: Preparing spawn area: 2%
[01:12:37] [Worker-Main-4/INFO]: Preparing spawn area: 2%
[01:12:38] [Worker-Main-4/INFO]: Preparing spawn area: 5%
[01:12:38] [Worker-Main-6/INFO]: Preparing spawn area: 5%
[01:12:39] [Worker-Main-6/INFO]: Preparing spawn area: 9%
[01:12:39] [Worker-Main-6/INFO]: Preparing spawn area: 9%
[01:12:40] [Worker-Main-5/INFO]: Preparing spawn area: 15%
[01:12:40] [Worker-Main-6/INFO]: Preparing spawn area: 15%
[01:12:41] [Worker-Main-5/INFO]: Preparing spawn area: 15%
[01:12:41] [Worker-Main-5/INFO]: Preparing spawn area: 15%
[01:12:42] [Worker-Main-5/INFO]: Preparing spawn area: 25%
[01:12:42] [Worker-Main-5/INFO]: Preparing spawn area: 25%
[01:12:44] [Worker-Main-5/INFO]: Preparing spawn area: 25%
[01:12:44] [Worker-Main-4/INFO]: Preparing spawn area: 25%
[01:12:44] [Worker-Main-5/INFO]: Preparing spawn area: 25%
[01:12:44] [Worker-Main-5/INFO]: Preparing spawn area: 37%
[01:12:45] [Worker-Main-6/INFO]: Preparing spawn area: 37%
[01:12:45] [Worker-Main-6/INFO]: Preparing spawn area: 37%
[01:12:46] [Worker-Main-6/INFO]: Preparing spawn area: 37%
[01:12:46] [Worker-Main-6/INFO]: Preparing spawn area: 44%
[01:12:48] [Worker-Main-5/INFO]: Preparing spawn area: 44%
[01:12:48] [Worker-Main-5/INFO]: Preparing spawn area: 44%
[01:12:48] [Worker-Main-4/INFO]: Preparing spawn area: 55%
[01:12:50] [Worker-Main-5/INFO]: Preparing spawn area: 55%
[01:12:50] [Worker-Main-5/INFO]: Preparing spawn area: 55%
[01:12:50] [Worker-Main-4/INFO]: Preparing spawn area: 55%
[01:12:50] [Worker-Main-4/INFO]: Preparing spawn area: 55%
[01:12:50] [Worker-Main-4/INFO]: Preparing spawn area: 69%
[01:12:52] [Worker-Main-5/INFO]: Preparing spawn area: 73%
[01:12:52] [Worker-Main-5/INFO]: Preparing spawn area: 73%
[01:12:52] [Worker-Main-4/INFO]: Preparing spawn area: 73%
[01:12:53] [Worker-Main-5/INFO]: Preparing spawn area: 85%
[01:12:53] [Worker-Main-6/INFO]: Preparing spawn area: 85%
[01:12:53] [Worker-Main-6/INFO]: Preparing spawn area: 85%
[01:12:53] [Server thread/INFO]: Time elapsed: 18183 ms
[01:12:53] [Server thread/INFO]: Preparing start region for dimension minecraft:the_nether
[01:12:53] [Worker-Main-4/INFO]: Preparing spawn area: 0%
[01:12:54] [Worker-Main-6/INFO]: Preparing spawn area: 0%
[01:12:54] [Worker-Main-5/INFO]: Preparing spawn area: 2%
[01:12:55] [Worker-Main-5/INFO]: Preparing spawn area: 5%
[01:12:55] [Worker-Main-4/INFO]: Preparing spawn area: 9%
[01:12:56] [Worker-Main-4/INFO]: Preparing spawn area: 15%
[01:12:56] [Worker-Main-6/INFO]: Preparing spawn area: 20%
[01:12:57] [Worker-Main-6/INFO]: Preparing spawn area: 23%
[01:12:57] [Worker-Main-5/INFO]: Preparing spawn area: 30%
[01:12:58] [Worker-Main-5/INFO]: Preparing spawn area: 32%
[01:12:58] [Worker-Main-5/INFO]: Preparing spawn area: 38%
[01:12:59] [Worker-Main-5/INFO]: Preparing spawn area: 46%
[01:12:59] [Worker-Main-5/INFO]: Preparing spawn area: 51%
[01:13:00] [Worker-Main-6/INFO]: Preparing spawn area: 54%
[01:13:00] [Worker-Main-6/INFO]: Preparing spawn area: 60%
[01:13:01] [Worker-Main-4/INFO]: Preparing spawn area: 61%
[01:13:01] [Worker-Main-4/INFO]: Preparing spawn area: 61%
[01:13:02] [Worker-Main-6/INFO]: Preparing spawn area: 72%
[01:13:02] [Worker-Main-5/INFO]: Preparing spawn area: 77%
[01:13:03] [Worker-Main-4/INFO]: Preparing spawn area: 77%
[01:13:03] [Worker-Main-4/INFO]: Preparing spawn area: 91%
[01:13:04] [Server thread/INFO]: Time elapsed: 10409 ms
[01:13:04] [Server thread/INFO]: Preparing start region for dimension minecraft:the_end
[01:13:04] [Worker-Main-5/INFO]: Preparing spawn area: 0%
[01:13:04] [Worker-Main-4/INFO]: Preparing spawn area: 14%
[01:13:05] [Worker-Main-4/INFO]: Preparing spawn area: 62%
[01:13:05] [Server thread/INFO]: Time elapsed: 1326 ms
[01:13:05] [Server thread/INFO]: [BlockNetServlet] Enabling BlockNetServlet v0.0.1
[01:13:05] [Server thread/INFO]: Done (38.996s)! For help, type "help"
